#
# There is insufficient memory for the Java Runtime Environment to continue.
# Native memory allocation (malloc) failed to allocate 1219216 bytes for Chunk::new
# Possible reasons:
#   The system is out of physical RAM or swap space
#   In 32 bit mode, the process size limit was hit
# Possible solutions:
#   Reduce memory load on the system
#   Increase physical memory or swap space
#   Check if swap backing store is full
#   Use 64 bit Java on a 64 bit OS
#   Decrease Java heap size (-Xmx/-Xms)
#   Decrease number of Java threads
#   Decrease Java thread stack sizes (-Xss)
#   Set larger code cache with -XX:ReservedCodeCacheSize=
# This output file may be truncated or incomplete.
#
#  Out of Memory Error (allocation.cpp:323), pid=6876, tid=6664
#
# JRE version: Java(TM) SE Runtime Environment (7.0_79-b15) (build 1.7.0_79-b15)
# Java VM: Java HotSpot(TM) 64-Bit Server VM (24.79-b02 mixed mode windows-amd64 compressed oops)
# Failed to write core dump. Minidumps are not enabled by default on client versions of Windows
#

---------------  T H R E A D  ---------------

Current thread (0x00000000084ec000):  JavaThread "C2 CompilerThread0" daemon [_thread_in_native, id=6664, stack(0x0000000009a60000,0x0000000009b60000)]

Stack: [0x0000000009a60000,0x0000000009b60000]
[error occurred during error reporting (printing stack bounds), id 0xc0000005]


[error occurred during error reporting (printing native stack), id 0xc0000005]


Current CompileTask:
C2:   2282  270   !         com.android.dx.cf.code.BytecodeArray::parseInstruction (2764 bytes)


---------------  P R O C E S S  ---------------

Java Threads: ( => current thread )
  0x000000000a171800 JavaThread "pool-1-thread-4" [_thread_in_Java, id=3128, stack(0x000000000b2d0000,0x000000000b3d0000)]
  0x000000000a178000 JavaThread "pool-1-thread-3" [_thread_in_Java, id=3528, stack(0x000000000b1d0000,0x000000000b2d0000)]
  0x000000000a177800 JavaThread "pool-1-thread-2" [_thread_in_Java, id=7456, stack(0x000000000b0d0000,0x000000000b1d0000)]
  0x000000000a176800 JavaThread "pool-2-thread-1" [_thread_blocked, id=3484, stack(0x000000000afd0000,0x000000000b0d0000)]
  0x000000000a176000 JavaThread "pool-1-thread-1" [_thread_in_Java, id=3980, stack(0x000000000ae80000,0x000000000af80000)]
  0x00000000084fe000 JavaThread "Service Thread" daemon [_thread_blocked, id=7268, stack(0x0000000009c60000,0x0000000009d60000)]
  0x00000000084f7800 JavaThread "C2 CompilerThread1" daemon [_thread_in_native, id=296, stack(0x0000000009b60000,0x0000000009c60000)]
=>0x00000000084ec000 JavaThread "C2 CompilerThread0" daemon [_thread_in_native, id=6664, stack(0x0000000009a60000,0x0000000009b60000)]
  0x00000000084eb000 JavaThread "Attach Listener" daemon [_thread_blocked, id=2324, stack(0x0000000009960000,0x0000000009a60000)]
  0x00000000084e7800 JavaThread "Signal Dispatcher" daemon [_thread_blocked, id=6908, stack(0x0000000009860000,0x0000000009960000)]
  0x00000000084af800 JavaThread "Finalizer" daemon [_thread_blocked, id=3716, stack(0x0000000009760000,0x0000000009860000)]
  0x00000000084a6800 JavaThread "Reference Handler" daemon [_thread_blocked, id=3588, stack(0x0000000009660000,0x0000000009760000)]
  0x0000000002550800 JavaThread "main" [_thread_in_Java, id=5084, stack(0x0000000002390000,0x0000000002490000)]

Other Threads:
  0x00000000084a1800 VMThread [stack: 0x0000000009560000,0x0000000009660000] [id=5132]
  0x0000000008509000 WatcherThread [stack: 0x0000000009d60000,0x0000000009e60000] [id=7976]

VM state:not at safepoint (normal execution)

VM Mutex/Monitor currently owned by a thread: None

Heap
 PSYoungGen      total 36352K, used 9889K [0x00000000eaa80000, 0x00000000ed080000, 0x0000000100000000)
  eden space 33792K, 21% used [0x00000000eaa80000,0x00000000eb1aa3b8,0x00000000ecb80000)
  from space 2560K, 99% used [0x00000000ece00000,0x00000000ed07e410,0x00000000ed080000)
  to   space 2560K, 0% used [0x00000000ecb80000,0x00000000ecb80000,0x00000000ece00000)
 ParOldGen       total 43520K, used 3807K [0x00000000c0000000, 0x00000000c2a80000, 0x00000000eaa80000)
  object space 43520K, 8% used [0x00000000c0000000,0x00000000c03b7c70,0x00000000c2a80000)
 PSPermGen       total 21504K, used 5864K [0x00000000bae00000, 0x00000000bc300000, 0x00000000c0000000)
  object space 21504K, 27% used [0x00000000bae00000,0x00000000bb3ba1a0,0x00000000bc300000)

Card table byte_map: [0x0000000005710000,0x0000000005940000] byte_map_base: 0x0000000005139000

Polling page: 0x00000000022d0000

Code Cache  [0x0000000002650000, 0x00000000028c0000, 0x0000000005650000)
 total_blobs=513 nmethods=276 adapters=189 free_code_cache=48094Kb largest_free_block=49221824

Compilation events (10 events):
Event: 2.242 Thread 0x00000000084f7800 nmethod 273 0x0000000002750d50 code [0x0000000002750ea0, 0x00000000027510b8]
Event: 2.242 Thread 0x00000000084f7800  274             com.android.dx.cf.code.Ropper::addExceptionSetupBlocks (203 bytes)
Event: 2.245 Thread 0x00000000084f7800 nmethod 274 0x00000000027509d0 code [0x0000000002750b00, 0x0000000002750c38]
Event: 2.245 Thread 0x00000000084f7800  275             com.android.dx.ssa.BasicRegisterMapper::addMapping (68 bytes)
Event: 2.253 Thread 0x00000000084f7800 nmethod 275 0x000000000274e0d0 code [0x000000000274e220, 0x000000000274e698]
Event: 2.253 Thread 0x00000000084f7800  276             com.android.dx.rop.cst.CstString::getString (5 bytes)
Event: 2.253 Thread 0x00000000084f7800 nmethod 276 0x00000000027507d0 code [0x0000000002750900, 0x0000000002750958]
Event: 2.253 Thread 0x00000000084f7800  277             com.android.dx.cf.code.BasicBlocker::getBlockList (208 bytes)
Event: 2.276 Thread 0x00000000084f7800 nmethod 277 0x000000000274ecd0 code [0x000000000274eec0, 0x000000000274fa68]
Event: 2.276 Thread 0x00000000084f7800  278             com.android.dx.ssa.SsaConverter::edgeSplitSuccessors (98 bytes)

GC Heap History (4 events):
Event: 0.847 GC heap before
{Heap before GC invocations=1 (full 0):
 PSYoungGen      total 19456K, used 16896K [0x00000000eaa80000, 0x00000000ec000000, 0x0000000100000000)
  eden space 16896K, 100% used [0x00000000eaa80000,0x00000000ebb00000,0x00000000ebb00000)
  from space 2560K, 0% used [0x00000000ebd80000,0x00000000ebd80000,0x00000000ec000000)
  to   space 2560K, 0% used [0x00000000ebb00000,0x00000000ebb00000,0x00000000ebd80000)
 ParOldGen       total 43520K, used 0K [0x00000000c0000000, 0x00000000c2a80000, 0x00000000eaa80000)
  object space 43520K, 0% used [0x00000000c0000000,0x00000000c0000000,0x00000000c2a80000)
 PSPermGen       total 21504K, used 5626K [0x00000000bae00000, 0x00000000bc300000, 0x00000000c0000000)
  object space 21504K, 26% used [0x00000000bae00000,0x00000000bb37e818,0x00000000bc300000)
Event: 0.868 GC heap after
Heap after GC invocations=1 (full 0):
 PSYoungGen      total 19456K, used 2535K [0x00000000eaa80000, 0x00000000ed080000, 0x0000000100000000)
  eden space 16896K, 0% used [0x00000000eaa80000,0x00000000eaa80000,0x00000000ebb00000)
  from space 2560K, 99% used [0x00000000ebb00000,0x00000000ebd79c88,0x00000000ebd80000)
  to   space 2560K, 0% used [0x00000000ece00000,0x00000000ece00000,0x00000000ed080000)
 ParOldGen       total 43520K, used 1260K [0x00000000c0000000, 0x00000000c2a80000, 0x00000000eaa80000)
  object space 43520K, 2% used [0x00000000c0000000,0x00000000c013b018,0x00000000c2a80000)
 PSPermGen       total 21504K, used 5626K [0x00000000bae00000, 0x00000000bc300000, 0x00000000c0000000)
  object space 21504K, 26% used [0x00000000bae00000,0x00000000bb37e818,0x00000000bc300000)
}
Event: 1.766 GC heap before
{Heap before GC invocations=2 (full 0):
 PSYoungGen      total 19456K, used 19431K [0x00000000eaa80000, 0x00000000ed080000, 0x0000000100000000)
  eden space 16896K, 100% used [0x00000000eaa80000,0x00000000ebb00000,0x00000000ebb00000)
  from space 2560K, 99% used [0x00000000ebb00000,0x00000000ebd79c88,0x00000000ebd80000)
  to   space 2560K, 0% used [0x00000000ece00000,0x00000000ece00000,0x00000000ed080000)
 ParOldGen       total 43520K, used 1260K [0x00000000c0000000, 0x00000000c2a80000, 0x00000000eaa80000)
  object space 43520K, 2% used [0x00000000c0000000,0x00000000c013b018,0x00000000c2a80000)
 PSPermGen       total 21504K, used 5843K [0x00000000bae00000, 0x00000000bc300000, 0x00000000c0000000)
  object space 21504K, 27% used [0x00000000bae00000,0x00000000bb3b4e68,0x00000000bc300000)
Event: 1.918 GC heap after
Heap after GC invocations=2 (full 0):
 PSYoungGen      total 36352K, used 2553K [0x00000000eaa80000, 0x00000000ed080000, 0x0000000100000000)
  eden space 33792K, 0% used [0x00000000eaa80000,0x00000000eaa80000,0x00000000ecb80000)
  from space 2560K, 99% used [0x00000000ece00000,0x00000000ed07e410,0x00000000ed080000)
  to   space 2560K, 0% used [0x00000000ecb80000,0x00000000ecb80000,0x00000000ece00000)
 ParOldGen       total 43520K, used 3807K [0x00000000c0000000, 0x00000000c2a80000, 0x00000000eaa80000)
  object space 43520K, 8% used [0x00000000c0000000,0x00000000c03b7c70,0x00000000c2a80000)
 PSPermGen       total 21504K, used 5843K [0x00000000bae00000, 0x00000000bc300000, 0x00000000c0000000)
  object space 21504K, 27% used [0x00000000bae00000,0x00000000bb3b4e68,0x00000000bc300000)
}

Deoptimization events (4 events):
Event: 0.772 Thread 0x000000000a176000 Uncommon trap: reason=null_check action=make_not_entrant pc=0x00000000026d50ec method=com.android.dx.rop.code.LocalItem.equals(Ljava/lang/Object;)Z @ 1
Event: 1.458 Thread 0x000000000a176000 Uncommon trap: reason=null_check action=make_not_entrant pc=0x00000000026f2510 method=com.android.dx.rop.type.Type.equals(Ljava/lang/Object;)Z @ 8
Event: 1.639 Thread 0x0000000002550800 Uncommon trap: reason=null_check action=make_not_entrant pc=0x00000000027165b0 method=com.android.dx.rop.type.Type.putIntern(Lcom/android/dx/rop/type/Type;)Lcom/android/dx/rop/type/Type; @ 18
Event: 1.922 Thread 0x000000000a177800 Uncommon trap: reason=unreached action=reinterpret pc=0x00000000026d8584 method=com.android.dx.rop.cst.Constant.compareTo(Lcom/android/dx/rop/cst/Constant;)I @ 12

Internal exceptions (10 events):
Event: 0.758 Thread 0x000000000a178000 Threw 0x00000000eba26a68 at C:\re\jdk7u79\2331\hotspot\src\share\vm\prims\jvm.cpp:1304
Event: 0.768 Thread 0x000000000a176000 Threw 0x00000000eb95a4f0 at C:\re\jdk7u79\2331\hotspot\src\share\vm\prims\jvm.cpp:1304
Event: 0.769 Thread 0x000000000a176000 Threw 0x00000000eb95fd98 at C:\re\jdk7u79\2331\hotspot\src\share\vm\prims\jvm.cpp:1304
Event: 0.770 Thread 0x000000000a176000 Threw 0x00000000eb9653b8 at C:\re\jdk7u79\2331\hotspot\src\share\vm\prims\jvm.cpp:1304
Event: 0.772 Thread 0x000000000a176000 Implicit null exception at 0x00000000026d4da8 to 0x00000000026d50d9
Event: 0.894 Thread 0x000000000a176000 Threw 0x00000000eab88130 at C:\re\jdk7u79\2331\hotspot\src\share\vm\prims\jvm.cpp:1304
Event: 0.925 Thread 0x0000000002550800 Threw 0x00000000eac8d300 at C:\re\jdk7u79\2331\hotspot\src\share\vm\prims\jvm.cpp:1304
Event: 1.062 Thread 0x000000000a176000 Threw 0x00000000eaf30a68 at C:\re\jdk7u79\2331\hotspot\src\share\vm\prims\jvm.cpp:1304
Event: 1.458 Thread 0x000000000a176000 Implicit null exception at 0x00000000026f2412 to 0x00000000026f2502
Event: 1.639 Thread 0x0000000002550800 Implicit null exception at 0x0000000002715eb7 to 0x00000000027165a1

Events (10 events):
Event: 1.458 Thread 0x000000000a176000 DEOPT PACKING pc=0x00000000026f2510 sp=0x000000000af7e910
Event: 1.458 Thread 0x000000000a176000 DEOPT UNPACKING pc=0x00000000026875a4 sp=0x000000000af7e8a8 mode 2
Event: 1.639 Thread 0x0000000002550800 Uncommon trap: trap_request=0xfffffff4 fr.pc=0x00000000027165b0
Event: 1.639 Thread 0x0000000002550800 DEOPT PACKING pc=0x00000000027165b0 sp=0x000000000248e660
Event: 1.639 Thread 0x0000000002550800 DEOPT UNPACKING pc=0x00000000026875a4 sp=0x000000000248e580 mode 2
Event: 1.688 Executing VM operation: ParallelGCFailedAllocation
Event: 1.918 Executing VM operation: ParallelGCFailedAllocation done
Event: 1.922 Thread 0x000000000a177800 Uncommon trap: trap_request=0xffffffad fr.pc=0x00000000026d8584
Event: 1.922 Thread 0x000000000a177800 DEOPT PACKING pc=0x00000000026d8584 sp=0x000000000b1cea00
Event: 1.922 Thread 0x000000000a177800 DEOPT UNPACKING pc=0x00000000026875a4 sp=0x000000000b1ce9a0 mode 2


Dynamic libraries:
0x00007ff716b70000 - 0x00007ff716ba3000 	C:\Program Files\Java\jdk1.7.0_79\bin\java.exe
0x00007ff96df80000 - 0x00007ff96e12c000 	C:\Windows\SYSTEM32\ntdll.dll
0x00007ff96b9e0000 - 0x00007ff96bb1e000 	C:\Windows\system32\KERNEL32.DLL
0x00007ff96b2b0000 - 0x00007ff96b3c5000 	C:\Windows\system32\KERNELBASE.dll
0x00007ff969c20000 - 0x00007ff969cae000 	C:\Windows\system32\apphelp.dll
0x00007ff95a2d0000 - 0x00007ff95a323000 	C:\Windows\AppPatch\AppPatch64\AcGenral.DLL
0x00007ff96b7a0000 - 0x00007ff96b84a000 	C:\Windows\system32\msvcrt.dll
0x00007ff96af20000 - 0x00007ff96af4e000 	C:\Windows\SYSTEM32\SspiCli.dll
0x00007ff96b860000 - 0x00007ff96b8b4000 	C:\Windows\system32\SHLWAPI.dll
0x00007ff96bb20000 - 0x00007ff96bc97000 	C:\Windows\system32\USER32.dll
0x00007ff96b600000 - 0x00007ff96b794000 	C:\Windows\system32\ole32.dll
0x00007ff96c770000 - 0x00007ff96dc9b000 	C:\Windows\system32\SHELL32.dll
0x00007ff96a670000 - 0x00007ff96a691000 	C:\Windows\SYSTEM32\USERENV.dll
0x00007ff96bff0000 - 0x00007ff96c09a000 	C:\Windows\system32\ADVAPI32.dll
0x00007ff960bb0000 - 0x00007ff960bce000 	C:\Windows\SYSTEM32\MPR.dll
0x00007ff96c210000 - 0x00007ff96c351000 	C:\Windows\system32\RPCRT4.dll
0x00007ff96c650000 - 0x00007ff96c6a9000 	C:\Windows\SYSTEM32\sechost.dll
0x00007ff96c360000 - 0x00007ff96c571000 	C:\Windows\SYSTEM32\combase.dll
0x00007ff96c0c0000 - 0x00007ff96c20f000 	C:\Windows\system32\GDI32.dll
0x00007ff96b0d0000 - 0x00007ff96b0e5000 	C:\Windows\SYSTEM32\profapi.dll
0x00007ff969b40000 - 0x00007ff969bf2000 	C:\Windows\SYSTEM32\SHCORE.dll
0x00007ff96c6b0000 - 0x00007ff96c6e6000 	C:\Windows\system32\IMM32.DLL
0x00007ff96bca0000 - 0x00007ff96bdf2000 	C:\Windows\system32\MSCTF.dll
0x00007ff966e60000 - 0x00007ff9670db000 	C:\Windows\WinSxS\amd64_microsoft.windows.common-controls_6595b64144ccf1df_6.0.9600.18006_none_623f33d3ecbe86e8\COMCTL32.dll
0x0000000056290000 - 0x0000000056362000 	C:\Program Files\Java\jdk1.7.0_79\jre\bin\msvcr100.dll
0x0000000056720000 - 0x0000000056ef5000 	C:\Program Files\Java\jdk1.7.0_79\jre\bin\server\jvm.dll
0x00007ff962780000 - 0x00007ff962789000 	C:\Windows\SYSTEM32\WSOCK32.dll
0x00007ff9674a0000 - 0x00007ff9674c2000 	C:\Windows\SYSTEM32\WINMM.dll
0x00007ff96bfe0000 - 0x00007ff96bfe7000 	C:\Windows\system32\PSAPI.DLL
0x00007ff96de50000 - 0x00007ff96deaa000 	C:\Windows\system32\WS2_32.dll
0x00007ff966de0000 - 0x00007ff966e0a000 	C:\Windows\SYSTEM32\WINMMBASE.dll
0x00007ff96c6f0000 - 0x00007ff96c6f9000 	C:\Windows\system32\NSI.dll
0x00007ff96b5b0000 - 0x00007ff96b5ff000 	C:\Windows\SYSTEM32\cfgmgr32.dll
0x00007ff969e70000 - 0x00007ff969e98000 	C:\Windows\SYSTEM32\DEVOBJ.dll
0x0000000056710000 - 0x000000005671f000 	C:\Program Files\Java\jdk1.7.0_79\jre\bin\verify.dll
0x00000000566e0000 - 0x0000000056708000 	C:\Program Files\Java\jdk1.7.0_79\jre\bin\java.dll
0x00000000566c0000 - 0x00000000566d5000 	C:\Program Files\Java\jdk1.7.0_79\jre\bin\zip.dll
0x00000000566a0000 - 0x00000000566ba000 	C:\Program Files\Java\jdk1.7.0_79\jre\bin\net.dll
0x0000000180000000 - 0x000000018002b000 	C:\Windows\system32\N1Service64.dll
0x00007ff96a8e0000 - 0x00007ff96a939000 	C:\Windows\SYSTEM32\MSWSOCK.dll
0x00007ff96a120000 - 0x00007ff96a14a000 	C:\Windows\SYSTEM32\IPHLPAPI.DLL
0x00007ff96a110000 - 0x00007ff96a11a000 	C:\Windows\SYSTEM32\WINNSI.DLL
0x00007ff96c580000 - 0x00007ff96c641000 	C:\Windows\system32\OLEAUT32.dll
0x00007ff96a100000 - 0x00007ff96a10a000 	C:\Windows\SYSTEM32\VERSION.dll
0x0000000056680000 - 0x0000000056691000 	C:\Program Files\Java\jdk1.7.0_79\jre\bin\nio.dll
0x00007ff969ec0000 - 0x00007ff969ecb000 	C:\Windows\SYSTEM32\kernel.appcore.dll
0x00007ff96afc0000 - 0x00007ff96afcb000 	C:\Windows\SYSTEM32\CRYPTBASE.dll
0x00007ff96af50000 - 0x00007ff96afb3000 	C:\Windows\SYSTEM32\bcryptPrimitives.dll
0x00007ff969cf0000 - 0x00007ff969e19000 	C:\Windows\system32\uxtheme.dll
0x00007ff96b920000 - 0x00007ff96b9d6000 	C:\Windows\SYSTEM32\clbcatq.dll
0x00007ff96a940000 - 0x00007ff96a960000 	C:\Windows\SYSTEM32\CRYPTSP.dll
0x00007ff96a560000 - 0x00007ff96a596000 	C:\Windows\system32\rsaenh.dll
0x00007ff96ab90000 - 0x00007ff96abb6000 	C:\Windows\SYSTEM32\bcrypt.dll

VM Arguments:
jvm_args: -Djava.awt.headless=true -Xmx1024M -Dfile.encoding=windows-1252 -Duser.country=US -Duser.language=en -Duser.variant 
java_command: com.android.dx.command.Main --dex --num-threads=4 --output C:\Users\Alexander\AndroidStudioProjects\AppWebView2\app\build\intermediates\pre-dexed\debug\com.android.support-design-23.1.1_a84072a7c1aaa64bc7dd808f6313b56bc1418105.jar C:\Users\Alexander\AndroidStudioProjects\AppWebView2\app\build\intermediates\exploded-aar\com.android.support\design\23.1.1\jars\classes.jar
Launcher Type: SUN_STANDARD

Environment Variables:
PATH=C:\ProgramData\Oracle\Java\javapath;C:\Windows\system32;C:\Windows;C:\Windows\System32\Wbem;C:\Windows\System32\WindowsPowerShell\v1.0\;C:\Program Files\MATLAB\R2014b\runtime\win64;C:\Program Files\MATLAB\R2014b\bin
USERNAME=Alexander
OS=Windows_NT
PROCESSOR_IDENTIFIER=Intel64 Family 6 Model 42 Stepping 7, GenuineIntel



---------------  S Y S T E M  ---------------

OS: Windows 8.1 , 64 bit Build 9600 

CPU:total 4 (2 cores per cpu, 2 threads per core) family 6 model 42 stepping 7, cmov, cx8, fxsr, mmx, sse, sse2, sse3, ssse3, sse4.1, sse4.2, popcnt, avx, aes, ht, tsc, tscinvbit

Memory: 4k page, physical 4170520k(732548k free), swap 7171540k(6132k free)

vm_info: Java HotSpot(TM) 64-Bit Server VM (24.79-b02) for windows-amd64 JRE (1.7.0_79-b15), built on Apr 10 2015 12:36:16 by "java_re" with unknown MS VC++:1600

time: Mon Dec 07 17:09:16 2015
elapsed time: 2 seconds

