#
# There is insufficient memory for the Java Runtime Environment to continue.
# Native memory allocation (malloc) failed to allocate 462976 bytes for Chunk::new
# Possible reasons:
#   The system is out of physical RAM or swap space
#   In 32 bit mode, the process size limit was hit
# Possible solutions:
#   Reduce memory load on the system
#   Increase physical memory or swap space
#   Check if swap backing store is full
#   Use 64 bit Java on a 64 bit OS
#   Decrease Java heap size (-Xmx/-Xms)
#   Decrease number of Java threads
#   Decrease Java thread stack sizes (-Xss)
#   Set larger code cache with -XX:ReservedCodeCacheSize=
# This output file may be truncated or incomplete.
#
#  Out of Memory Error (allocation.cpp:323), pid=7976, tid=5536
#
# JRE version: Java(TM) SE Runtime Environment (7.0_79-b15) (build 1.7.0_79-b15)
# Java VM: Java HotSpot(TM) 64-Bit Server VM (24.79-b02 mixed mode windows-amd64 compressed oops)
# Failed to write core dump. Minidumps are not enabled by default on client versions of Windows
#

---------------  T H R E A D  ---------------

Current thread (0x0000000008305800):  JavaThread "C2 CompilerThread1" daemon [_thread_in_native, id=5536, stack(0x0000000009990000,0x0000000009a90000)]

Stack: [0x0000000009990000,0x0000000009a90000]
[error occurred during error reporting (printing stack bounds), id 0xc0000005]


[error occurred during error reporting (printing native stack), id 0xc0000005]


Current CompileTask:
C2:   2834  158             com.android.dx.ssa.SsaConverter::placePhiFunctions (394 bytes)


---------------  P R O C E S S  ---------------

Java Threads: ( => current thread )
  0x0000000009fbd800 JavaThread "pool-1-thread-4" [_thread_blocked, id=7032, stack(0x000000000b2d0000,0x000000000b3d0000)]
  0x0000000009fbc800 JavaThread "pool-1-thread-3" [_thread_blocked, id=4580, stack(0x000000000b1d0000,0x000000000b2d0000)]
  0x0000000009fb5800 JavaThread "pool-1-thread-2" [_thread_blocked, id=7424, stack(0x000000000b0d0000,0x000000000b1d0000)]
  0x0000000009fb5000 JavaThread "pool-2-thread-1" [_thread_blocked, id=2748, stack(0x000000000afd0000,0x000000000b0d0000)]
  0x0000000009eec800 JavaThread "pool-1-thread-1" [_thread_blocked, id=2288, stack(0x000000000aed0000,0x000000000afd0000)]
  0x0000000008317800 JavaThread "Service Thread" daemon [_thread_blocked, id=1208, stack(0x0000000009a90000,0x0000000009b90000)]
=>0x0000000008305800 JavaThread "C2 CompilerThread1" daemon [_thread_in_native, id=5536, stack(0x0000000009990000,0x0000000009a90000)]
  0x0000000008303800 JavaThread "C2 CompilerThread0" daemon [_thread_in_native, id=6652, stack(0x0000000009890000,0x0000000009990000)]
  0x0000000008302800 JavaThread "Attach Listener" daemon [_thread_blocked, id=7056, stack(0x0000000009790000,0x0000000009890000)]
  0x00000000082ff800 JavaThread "Signal Dispatcher" daemon [_thread_blocked, id=3676, stack(0x0000000009690000,0x0000000009790000)]
  0x00000000082ca000 JavaThread "Finalizer" daemon [_thread_blocked, id=7132, stack(0x0000000009590000,0x0000000009690000)]
  0x00000000082c6800 JavaThread "Reference Handler" daemon [_thread_blocked, id=824, stack(0x0000000009490000,0x0000000009590000)]
  0x0000000002430800 JavaThread "main" [_thread_in_Java, id=1084, stack(0x0000000002330000,0x0000000002430000)]

Other Threads:
  0x00000000082c1800 VMThread [stack: 0x0000000009390000,0x0000000009490000] [id=692]
  0x0000000008322000 WatcherThread [stack: 0x0000000009b90000,0x0000000009c90000] [id=7700]

VM state:not at safepoint (normal execution)

VM Mutex/Monitor currently owned by a thread: None

Heap
 PSYoungGen      total 19456K, used 11286K [0x00000000eaa80000, 0x00000000ed080000, 0x0000000100000000)
  eden space 16896K, 51% used [0x00000000eaa80000,0x00000000eb307040,0x00000000ebb00000)
  from space 2560K, 99% used [0x00000000ebb00000,0x00000000ebd7e928,0x00000000ebd80000)
  to   space 2560K, 0% used [0x00000000ece00000,0x00000000ece00000,0x00000000ed080000)
 ParOldGen       total 43520K, used 954K [0x00000000c0000000, 0x00000000c2a80000, 0x00000000eaa80000)
  object space 43520K, 2% used [0x00000000c0000000,0x00000000c00ee990,0x00000000c2a80000)
 PSPermGen       total 21504K, used 5745K [0x00000000bae00000, 0x00000000bc300000, 0x00000000c0000000)
  object space 21504K, 26% used [0x00000000bae00000,0x00000000bb39c548,0x00000000bc300000)

Card table byte_map: [0x0000000005530000,0x0000000005760000] byte_map_base: 0x0000000004f59000

Polling page: 0x0000000000950000

Code Cache  [0x0000000002530000, 0x00000000027a0000, 0x0000000005530000)
 total_blobs=396 nmethods=159 adapters=189 free_code_cache=48505Kb largest_free_block=49632960

Compilation events (10 events):
Event: 2.756 Thread 0x0000000008303800  153             com.android.dx.rop.code.BasicBlock::getSuccessors (5 bytes)
Event: 2.757 Thread 0x0000000008303800 nmethod 153 0x00000000025ca790 code [0x00000000025ca8c0, 0x00000000025ca918]
Event: 2.762 Thread 0x0000000008305800  154             com.android.dx.ssa.SsaInsn::getBlock (5 bytes)
Event: 2.762 Thread 0x0000000008305800 nmethod 154 0x00000000025d4890 code [0x00000000025d49c0, 0x00000000025d4a18]
Event: 2.790 Thread 0x0000000008303800  155             com.android.dx.ssa.NormalSsaInsn::isNormalMoveInsn (20 bytes)
Event: 2.791 Thread 0x0000000008303800 nmethod 155 0x00000000025d4650 code [0x00000000025d4780, 0x00000000025d47f8]
Event: 2.794 Thread 0x0000000008305800  156             java.util.BitSet::or (105 bytes)
Event: 2.795 Thread 0x0000000008303800  157             com.android.dx.ssa.SsaMethod::mapRegisters (87 bytes)
Event: 2.799 Thread 0x0000000008305800 nmethod 156 0x00000000025d2750 code [0x00000000025d28a0, 0x00000000025d2ae8]
Event: 2.800 Thread 0x0000000008305800  158             com.android.dx.ssa.SsaConverter::placePhiFunctions (394 bytes)

GC Heap History (2 events):
Event: 1.178 GC heap before
{Heap before GC invocations=1 (full 0):
 PSYoungGen      total 19456K, used 16896K [0x00000000eaa80000, 0x00000000ec000000, 0x0000000100000000)
  eden space 16896K, 100% used [0x00000000eaa80000,0x00000000ebb00000,0x00000000ebb00000)
  from space 2560K, 0% used [0x00000000ebd80000,0x00000000ebd80000,0x00000000ec000000)
  to   space 2560K, 0% used [0x00000000ebb00000,0x00000000ebb00000,0x00000000ebd80000)
 ParOldGen       total 43520K, used 0K [0x00000000c0000000, 0x00000000c2a80000, 0x00000000eaa80000)
  object space 43520K, 0% used [0x00000000c0000000,0x00000000c0000000,0x00000000c2a80000)
 PSPermGen       total 21504K, used 5589K [0x00000000bae00000, 0x00000000bc300000, 0x00000000c0000000)
  object space 21504K, 25% used [0x00000000bae00000,0x00000000bb375598,0x00000000bc300000)
Event: 1.330 GC heap after
Heap after GC invocations=1 (full 0):
 PSYoungGen      total 19456K, used 2554K [0x00000000eaa80000, 0x00000000ed080000, 0x0000000100000000)
  eden space 16896K, 0% used [0x00000000eaa80000,0x00000000eaa80000,0x00000000ebb00000)
  from space 2560K, 99% used [0x00000000ebb00000,0x00000000ebd7e928,0x00000000ebd80000)
  to   space 2560K, 0% used [0x00000000ece00000,0x00000000ece00000,0x00000000ed080000)
 ParOldGen       total 43520K, used 954K [0x00000000c0000000, 0x00000000c2a80000, 0x00000000eaa80000)
  object space 43520K, 2% used [0x00000000c0000000,0x00000000c00ee990,0x00000000c2a80000)
 PSPermGen       total 21504K, used 5589K [0x00000000bae00000, 0x00000000bc300000, 0x00000000c0000000)
  object space 21504K, 25% used [0x00000000bae00000,0x00000000bb375598,0x00000000bc300000)
}

Deoptimization events (2 events):
Event: 1.336 Thread 0x0000000009fb5800 Uncommon trap: reason=class_check action=maybe_recompile pc=0x00000000025a59b4 method=com.android.dx.ssa.NormalSsaInsn.accept(Lcom/android/dx/ssa/SsaInsn$Visitor;)V @ 9
Event: 1.345 Thread 0x0000000002430800 Uncommon trap: reason=class_check action=maybe_recompile pc=0x00000000025a59b4 method=com.android.dx.ssa.NormalSsaInsn.accept(Lcom/android/dx/ssa/SsaInsn$Visitor;)V @ 9

Internal exceptions (10 events):
Event: 0.853 Thread 0x0000000002430800 Threw 0x00000000eb5c0f28 at C:\re\jdk7u79\2331\hotspot\src\share\vm\prims\jvm.cpp:1304
Event: 0.854 Thread 0x0000000009fbc800 Threw 0x00000000eb6f14c0 at C:\re\jdk7u79\2331\hotspot\src\share\vm\prims\jvm.cpp:1304
Event: 0.855 Thread 0x0000000009fbc800 Threw 0x00000000eb6f6768 at C:\re\jdk7u79\2331\hotspot\src\share\vm\prims\jvm.cpp:1304
Event: 0.856 Thread 0x0000000009fbc800 Threw 0x00000000eb6fc010 at C:\re\jdk7u79\2331\hotspot\src\share\vm\prims\jvm.cpp:1304
Event: 0.857 Thread 0x0000000009fbc800 Threw 0x00000000eb701630 at C:\re\jdk7u79\2331\hotspot\src\share\vm\prims\jvm.cpp:1304
Event: 0.868 Thread 0x0000000002430800 Threw 0x00000000eb5cd098 at C:\re\jdk7u79\2331\hotspot\src\share\vm\prims\jvm.cpp:1304
Event: 1.019 Thread 0x0000000009fbc800 Threw 0x00000000eb911cf0 at C:\re\jdk7u79\2331\hotspot\src\share\vm\prims\jvm.cpp:1304
Event: 1.024 Thread 0x0000000009fbd800 Threw 0x00000000eb9f8868 at C:\re\jdk7u79\2331\hotspot\src\share\vm\prims\jvm.cpp:1304
Event: 1.358 Thread 0x0000000009fbd800 Threw 0x00000000eac0af50 at C:\re\jdk7u79\2331\hotspot\src\share\vm\prims\jvm.cpp:1304
Event: 1.459 Thread 0x0000000002430800 Threw 0x00000000eadb1500 at C:\re\jdk7u79\2331\hotspot\src\share\vm\prims\jvm.cpp:1304

Events (10 events):
Event: 1.361 loading class 0x00000000024a77c0
Event: 1.361 loading class 0x00000000024a77c0 done
Event: 1.361 loading class 0x00000000024a7790
Event: 1.361 loading class 0x00000000024a7790 done
Event: 1.376 loading class 0x00000000024a6910
Event: 1.376 loading class 0x00000000024a6910 done
Event: 1.459 loading class 0x0000000009f85c70
Event: 1.459 loading class 0x0000000009f85c70 done
Event: 1.725 loading class 0x00000000024ad700
Event: 1.725 loading class 0x00000000024ad700 done


Dynamic libraries:
0x00007ff716b70000 - 0x00007ff716ba3000 	C:\Program Files\Java\jdk1.7.0_79\bin\java.exe
0x00007ff96df80000 - 0x00007ff96e12c000 	C:\Windows\SYSTEM32\ntdll.dll
0x00007ff96b9e0000 - 0x00007ff96bb1e000 	C:\Windows\system32\KERNEL32.DLL
0x00007ff96b2b0000 - 0x00007ff96b3c5000 	C:\Windows\system32\KERNELBASE.dll
0x00007ff969c20000 - 0x00007ff969cae000 	C:\Windows\system32\apphelp.dll
0x00007ff95a2d0000 - 0x00007ff95a323000 	C:\Windows\AppPatch\AppPatch64\AcGenral.DLL
0x00007ff96b7a0000 - 0x00007ff96b84a000 	C:\Windows\system32\msvcrt.dll
0x00007ff96af20000 - 0x00007ff96af4e000 	C:\Windows\SYSTEM32\SspiCli.dll
0x00007ff96b860000 - 0x00007ff96b8b4000 	C:\Windows\system32\SHLWAPI.dll
0x00007ff96bb20000 - 0x00007ff96bc97000 	C:\Windows\system32\USER32.dll
0x00007ff96b600000 - 0x00007ff96b794000 	C:\Windows\system32\ole32.dll
0x00007ff96c770000 - 0x00007ff96dc9b000 	C:\Windows\system32\SHELL32.dll
0x00007ff96a670000 - 0x00007ff96a691000 	C:\Windows\SYSTEM32\USERENV.dll
0x00007ff96bff0000 - 0x00007ff96c09a000 	C:\Windows\system32\ADVAPI32.dll
0x00007ff960bb0000 - 0x00007ff960bce000 	C:\Windows\SYSTEM32\MPR.dll
0x00007ff96c210000 - 0x00007ff96c351000 	C:\Windows\system32\RPCRT4.dll
0x00007ff96c650000 - 0x00007ff96c6a9000 	C:\Windows\SYSTEM32\sechost.dll
0x00007ff96c360000 - 0x00007ff96c571000 	C:\Windows\SYSTEM32\combase.dll
0x00007ff96c0c0000 - 0x00007ff96c20f000 	C:\Windows\system32\GDI32.dll
0x00007ff96b0d0000 - 0x00007ff96b0e5000 	C:\Windows\SYSTEM32\profapi.dll
0x00007ff969b40000 - 0x00007ff969bf2000 	C:\Windows\SYSTEM32\SHCORE.dll
0x00007ff96c6b0000 - 0x00007ff96c6e6000 	C:\Windows\system32\IMM32.DLL
0x00007ff96bca0000 - 0x00007ff96bdf2000 	C:\Windows\system32\MSCTF.dll
0x00007ff966e60000 - 0x00007ff9670db000 	C:\Windows\WinSxS\amd64_microsoft.windows.common-controls_6595b64144ccf1df_6.0.9600.18006_none_623f33d3ecbe86e8\COMCTL32.dll
0x0000000056290000 - 0x0000000056362000 	C:\Program Files\Java\jdk1.7.0_79\jre\bin\msvcr100.dll
0x0000000056720000 - 0x0000000056ef5000 	C:\Program Files\Java\jdk1.7.0_79\jre\bin\server\jvm.dll
0x00007ff962780000 - 0x00007ff962789000 	C:\Windows\SYSTEM32\WSOCK32.dll
0x00007ff9674a0000 - 0x00007ff9674c2000 	C:\Windows\SYSTEM32\WINMM.dll
0x00007ff96bfe0000 - 0x00007ff96bfe7000 	C:\Windows\system32\PSAPI.DLL
0x00007ff96de50000 - 0x00007ff96deaa000 	C:\Windows\system32\WS2_32.dll
0x00007ff966de0000 - 0x00007ff966e0a000 	C:\Windows\SYSTEM32\WINMMBASE.dll
0x00007ff96c6f0000 - 0x00007ff96c6f9000 	C:\Windows\system32\NSI.dll
0x00007ff96b5b0000 - 0x00007ff96b5ff000 	C:\Windows\SYSTEM32\cfgmgr32.dll
0x00007ff969e70000 - 0x00007ff969e98000 	C:\Windows\SYSTEM32\DEVOBJ.dll
0x0000000056710000 - 0x000000005671f000 	C:\Program Files\Java\jdk1.7.0_79\jre\bin\verify.dll
0x00000000566e0000 - 0x0000000056708000 	C:\Program Files\Java\jdk1.7.0_79\jre\bin\java.dll
0x00000000566c0000 - 0x00000000566d5000 	C:\Program Files\Java\jdk1.7.0_79\jre\bin\zip.dll
0x00000000566a0000 - 0x00000000566ba000 	C:\Program Files\Java\jdk1.7.0_79\jre\bin\net.dll
0x0000000180000000 - 0x000000018002b000 	C:\Windows\system32\N1Service64.dll
0x00007ff96a8e0000 - 0x00007ff96a939000 	C:\Windows\SYSTEM32\MSWSOCK.dll
0x00007ff96a120000 - 0x00007ff96a14a000 	C:\Windows\SYSTEM32\IPHLPAPI.DLL
0x00007ff96a110000 - 0x00007ff96a11a000 	C:\Windows\SYSTEM32\WINNSI.DLL
0x00007ff96c580000 - 0x00007ff96c641000 	C:\Windows\system32\OLEAUT32.dll
0x00007ff96a100000 - 0x00007ff96a10a000 	C:\Windows\SYSTEM32\VERSION.dll
0x0000000056680000 - 0x0000000056691000 	C:\Program Files\Java\jdk1.7.0_79\jre\bin\nio.dll
0x00007ff969ec0000 - 0x00007ff969ecb000 	C:\Windows\SYSTEM32\kernel.appcore.dll
0x00007ff96afc0000 - 0x00007ff96afcb000 	C:\Windows\SYSTEM32\CRYPTBASE.dll
0x00007ff96af50000 - 0x00007ff96afb3000 	C:\Windows\SYSTEM32\bcryptPrimitives.dll
0x00007ff969cf0000 - 0x00007ff969e19000 	C:\Windows\system32\uxtheme.dll
0x00007ff96b920000 - 0x00007ff96b9d6000 	C:\Windows\SYSTEM32\clbcatq.dll
0x00007ff96a940000 - 0x00007ff96a960000 	C:\Windows\SYSTEM32\CRYPTSP.dll
0x00007ff96a560000 - 0x00007ff96a596000 	C:\Windows\system32\rsaenh.dll
0x00007ff96ab90000 - 0x00007ff96abb6000 	C:\Windows\SYSTEM32\bcrypt.dll

VM Arguments:
jvm_args: -Djava.awt.headless=true -Xmx1024M -Dfile.encoding=windows-1252 -Duser.country=US -Duser.language=en -Duser.variant 
java_command: com.android.dx.command.Main --dex --num-threads=4 --output C:\Users\Alexander\AndroidStudioProjects\AppWebView2\app\build\intermediates\pre-dexed\debug\com.android.support-appcompat-v7-23.1.1_17e80e3c4942a407ef67c65e6d829228711389ee.jar C:\Users\Alexander\AndroidStudioProjects\AppWebView2\app\build\intermediates\exploded-aar\com.android.support\appcompat-v7\23.1.1\jars\classes.jar
Launcher Type: SUN_STANDARD

Environment Variables:
PATH=C:\ProgramData\Oracle\Java\javapath;C:\Windows\system32;C:\Windows;C:\Windows\System32\Wbem;C:\Windows\System32\WindowsPowerShell\v1.0\;C:\Program Files\MATLAB\R2014b\runtime\win64;C:\Program Files\MATLAB\R2014b\bin
USERNAME=Alexander
OS=Windows_NT
PROCESSOR_IDENTIFIER=Intel64 Family 6 Model 42 Stepping 7, GenuineIntel



---------------  S Y S T E M  ---------------

OS: Windows 8.1 , 64 bit Build 9600 

CPU:total 4 (2 cores per cpu, 2 threads per core) family 6 model 42 stepping 7, cmov, cx8, fxsr, mmx, sse, sse2, sse3, ssse3, sse4.1, sse4.2, popcnt, avx, aes, ht, tsc, tscinvbit

Memory: 4k page, physical 4170520k(653312k free), swap 7171540k(5044k free)

vm_info: Java HotSpot(TM) 64-Bit Server VM (24.79-b02) for windows-amd64 JRE (1.7.0_79-b15), built on Apr 10 2015 12:36:16 by "java_re" with unknown MS VC++:1600

time: Mon Dec 07 17:02:47 2015
elapsed time: 2 seconds

