#
# There is insufficient memory for the Java Runtime Environment to continue.
# Native memory allocation (malloc) failed to allocate 545776 bytes for Chunk::new
# Possible reasons:
#   The system is out of physical RAM or swap space
#   In 32 bit mode, the process size limit was hit
# Possible solutions:
#   Reduce memory load on the system
#   Increase physical memory or swap space
#   Check if swap backing store is full
#   Use 64 bit Java on a 64 bit OS
#   Decrease Java heap size (-Xmx/-Xms)
#   Decrease number of Java threads
#   Decrease Java thread stack sizes (-Xss)
#   Set larger code cache with -XX:ReservedCodeCacheSize=
# This output file may be truncated or incomplete.
#
#  Out of Memory Error (allocation.cpp:323), pid=3340, tid=5564
#
# JRE version: Java(TM) SE Runtime Environment (7.0_79-b15) (build 1.7.0_79-b15)
# Java VM: Java HotSpot(TM) 64-Bit Server VM (24.79-b02 mixed mode windows-amd64 compressed oops)
# Failed to write core dump. Minidumps are not enabled by default on client versions of Windows
#

---------------  T H R E A D  ---------------

Current thread (0x0000000008a4f000):  JavaThread "C2 CompilerThread1" daemon [_thread_in_native, id=5564, stack(0x000000000a0b0000,0x000000000a1b0000)]

Stack: [0x000000000a0b0000,0x000000000a1b0000]
[error occurred during error reporting (printing stack bounds), id 0xc0000005]


Current CompileTask:
C2:   5865  417   !         com.android.dx.cf.code.RopperMachine::run (1550 bytes)


---------------  P R O C E S S  ---------------

Java Threads: ( => current thread )
  0x000000000a513800 JavaThread "pool-1-thread-4" [_thread_in_Java, id=3080, stack(0x000000000b710000,0x000000000b810000)]
  0x000000000a510800 JavaThread "pool-1-thread-3" [_thread_in_Java, id=5668, stack(0x000000000b610000,0x000000000b710000)]
  0x000000000a50e000 JavaThread "pool-1-thread-2" [_thread_in_Java, id=7400, stack(0x000000000b510000,0x000000000b610000)]
  0x000000000a50d000 JavaThread "pool-2-thread-1" [_thread_blocked, id=3320, stack(0x000000000b410000,0x000000000b510000)]
  0x000000000a54b000 JavaThread "pool-1-thread-1" [_thread_in_Java, id=3676, stack(0x000000000b310000,0x000000000b410000)]
  0x0000000008a55000 JavaThread "Service Thread" daemon [_thread_blocked, id=2960, stack(0x000000000a1b0000,0x000000000a2b0000)]
=>0x0000000008a4f000 JavaThread "C2 CompilerThread1" daemon [_thread_in_native, id=5564, stack(0x000000000a0b0000,0x000000000a1b0000)]
  0x0000000008a43000 JavaThread "C2 CompilerThread0" daemon [_thread_in_native, id=6676, stack(0x0000000009fb0000,0x000000000a0b0000)]
  0x0000000008a42000 JavaThread "Attach Listener" daemon [_thread_blocked, id=5756, stack(0x0000000009eb0000,0x0000000009fb0000)]
  0x0000000008a3f000 JavaThread "Signal Dispatcher" daemon [_thread_blocked, id=6644, stack(0x0000000009db0000,0x0000000009eb0000)]
  0x0000000008a0a000 JavaThread "Finalizer" daemon [_thread_blocked, id=8124, stack(0x0000000009cb0000,0x0000000009db0000)]
  0x0000000008a06800 JavaThread "Reference Handler" daemon [_thread_blocked, id=7056, stack(0x0000000009bb0000,0x0000000009cb0000)]
  0x0000000002b70800 JavaThread "main" [_thread_in_Java, id=1560, stack(0x00000000029e0000,0x0000000002ae0000)]

Other Threads:
  0x0000000008a01800 VMThread [stack: 0x0000000009ab0000,0x0000000009bb0000] [id=7460]
  0x0000000008a63800 WatcherThread [stack: 0x000000000a2b0000,0x000000000a3b0000] [id=6192]

VM state:not at safepoint (normal execution)

VM Mutex/Monitor currently owned by a thread: None

Heap
 PSYoungGen      total 36352K, used 16042K [0x00000000eaa80000, 0x00000000ef180000, 0x0000000100000000)
  eden space 33792K, 39% used [0x00000000eaa80000,0x00000000eb7b2a18,0x00000000ecb80000)
  from space 2560K, 98% used [0x00000000ecb80000,0x00000000ecdf8010,0x00000000ece00000)
  to   space 2560K, 0% used [0x00000000eef00000,0x00000000eef00000,0x00000000ef180000)
 ParOldGen       total 43520K, used 7741K [0x00000000c0000000, 0x00000000c2a80000, 0x00000000eaa80000)
  object space 43520K, 17% used [0x00000000c0000000,0x00000000c078f7e8,0x00000000c2a80000)
 PSPermGen       total 21504K, used 5940K [0x00000000bae00000, 0x00000000bc300000, 0x00000000c0000000)
  object space 21504K, 27% used [0x00000000bae00000,0x00000000bb3cd300,0x00000000bc300000)

Card table byte_map: [0x0000000005c70000,0x0000000005ea0000] byte_map_base: 0x0000000005699000

Polling page: 0x0000000000fb0000

Code Cache  [0x0000000002c70000, 0x0000000002ee0000, 0x0000000005c70000)
 total_blobs=665 nmethods=428 adapters=189 free_code_cache=47431Kb largest_free_block=48536384

Compilation events (10 events):
Event: 5.801 Thread 0x0000000008a43000 nmethod 425 0x0000000002e24690 code [0x0000000002e24860, 0x0000000002e255c8]
Event: 5.801 Thread 0x0000000008a43000  426             com.android.dx.rop.code.LocalVariableExtractor::doit (49 bytes)
Event: 5.805 Thread 0x0000000008a43000 nmethod 426 0x0000000002e1b210 code [0x0000000002e1b360, 0x0000000002e1b508]
Event: 5.805 Thread 0x0000000008a43000  427             com.android.dx.cf.code.BaseMachine::clearArgs (56 bytes)
Event: 5.805 Thread 0x0000000008a43000 nmethod 427 0x0000000002e08e90 code [0x0000000002e08fc0, 0x0000000002e09038]
Event: 5.805 Thread 0x0000000008a43000  428             com.android.dx.dex.code.DalvInsn::getPosition (5 bytes)
Event: 5.806 Thread 0x0000000008a43000 nmethod 428 0x0000000002e19a10 code [0x0000000002e19b40, 0x0000000002e19b98]
Event: 5.806 Thread 0x0000000008a43000  429             com.android.dx.dex.code.BlockAddresses::setupArrays (113 bytes)
Event: 5.817 Thread 0x0000000008a43000 nmethod 429 0x0000000002e1a050 code [0x0000000002e1a200, 0x0000000002e1a8f8]
Event: 5.817 Thread 0x0000000008a43000  430             com.android.dx.dex.code.RopTranslator::outputInstructions (69 bytes)

GC Heap History (6 events):
Event: 1.837 GC heap before
{Heap before GC invocations=1 (full 0):
 PSYoungGen      total 19456K, used 16896K [0x00000000eaa80000, 0x00000000ec000000, 0x0000000100000000)
  eden space 16896K, 100% used [0x00000000eaa80000,0x00000000ebb00000,0x00000000ebb00000)
  from space 2560K, 0% used [0x00000000ebd80000,0x00000000ebd80000,0x00000000ec000000)
  to   space 2560K, 0% used [0x00000000ebb00000,0x00000000ebb00000,0x00000000ebd80000)
 ParOldGen       total 43520K, used 0K [0x00000000c0000000, 0x00000000c2a80000, 0x00000000eaa80000)
  object space 43520K, 0% used [0x00000000c0000000,0x00000000c0000000,0x00000000c2a80000)
 PSPermGen       total 21504K, used 5548K [0x00000000bae00000, 0x00000000bc300000, 0x00000000c0000000)
  object space 21504K, 25% used [0x00000000bae00000,0x00000000bb36b200,0x00000000bc300000)
Event: 1.916 GC heap after
Heap after GC invocations=1 (full 0):
 PSYoungGen      total 19456K, used 2555K [0x00000000eaa80000, 0x00000000ed080000, 0x0000000100000000)
  eden space 16896K, 0% used [0x00000000eaa80000,0x00000000eaa80000,0x00000000ebb00000)
  from space 2560K, 99% used [0x00000000ebb00000,0x00000000ebd7edf8,0x00000000ebd80000)
  to   space 2560K, 0% used [0x00000000ece00000,0x00000000ece00000,0x00000000ed080000)
 ParOldGen       total 43520K, used 618K [0x00000000c0000000, 0x00000000c2a80000, 0x00000000eaa80000)
  object space 43520K, 1% used [0x00000000c0000000,0x00000000c009aa20,0x00000000c2a80000)
 PSPermGen       total 21504K, used 5548K [0x00000000bae00000, 0x00000000bc300000, 0x00000000c0000000)
  object space 21504K, 25% used [0x00000000bae00000,0x00000000bb36b200,0x00000000bc300000)
}
Event: 2.880 GC heap before
{Heap before GC invocations=2 (full 0):
 PSYoungGen      total 19456K, used 19451K [0x00000000eaa80000, 0x00000000ed080000, 0x0000000100000000)
  eden space 16896K, 100% used [0x00000000eaa80000,0x00000000ebb00000,0x00000000ebb00000)
  from space 2560K, 99% used [0x00000000ebb00000,0x00000000ebd7edf8,0x00000000ebd80000)
  to   space 2560K, 0% used [0x00000000ece00000,0x00000000ece00000,0x00000000ed080000)
 ParOldGen       total 43520K, used 618K [0x00000000c0000000, 0x00000000c2a80000, 0x00000000eaa80000)
  object space 43520K, 1% used [0x00000000c0000000,0x00000000c009aa20,0x00000000c2a80000)
 PSPermGen       total 21504K, used 5773K [0x00000000bae00000, 0x00000000bc300000, 0x00000000c0000000)
  object space 21504K, 26% used [0x00000000bae00000,0x00000000bb3a3758,0x00000000bc300000)
Event: 2.906 GC heap after
Heap after GC invocations=2 (full 0):
 PSYoungGen      total 36352K, used 2551K [0x00000000eaa80000, 0x00000000ed080000, 0x0000000100000000)
  eden space 33792K, 0% used [0x00000000eaa80000,0x00000000eaa80000,0x00000000ecb80000)
  from space 2560K, 99% used [0x00000000ece00000,0x00000000ed07dc70,0x00000000ed080000)
  to   space 2560K, 0% used [0x00000000ecb80000,0x00000000ecb80000,0x00000000ece00000)
 ParOldGen       total 43520K, used 2460K [0x00000000c0000000, 0x00000000c2a80000, 0x00000000eaa80000)
  object space 43520K, 5% used [0x00000000c0000000,0x00000000c0267178,0x00000000c2a80000)
 PSPermGen       total 21504K, used 5773K [0x00000000bae00000, 0x00000000bc300000, 0x00000000c0000000)
  object space 21504K, 26% used [0x00000000bae00000,0x00000000bb3a3758,0x00000000bc300000)
}
Event: 5.243 GC heap before
{Heap before GC invocations=3 (full 0):
 PSYoungGen      total 36352K, used 36343K [0x00000000eaa80000, 0x00000000ed080000, 0x0000000100000000)
  eden space 33792K, 100% used [0x00000000eaa80000,0x00000000ecb80000,0x00000000ecb80000)
  from space 2560K, 99% used [0x00000000ece00000,0x00000000ed07dc70,0x00000000ed080000)
  to   space 2560K, 0% used [0x00000000ecb80000,0x00000000ecb80000,0x00000000ece00000)
 ParOldGen       total 43520K, used 2460K [0x00000000c0000000, 0x00000000c2a80000, 0x00000000eaa80000)
  object space 43520K, 5% used [0x00000000c0000000,0x00000000c0267178,0x00000000c2a80000)
 PSPermGen       total 21504K, used 5910K [0x00000000bae00000, 0x00000000bc300000, 0x00000000c0000000)
  object space 21504K, 27% used [0x00000000bae00000,0x00000000bb3c5a48,0x00000000bc300000)
Event: 5.467 GC heap after
Heap after GC invocations=3 (full 0):
 PSYoungGen      total 36352K, used 2528K [0x00000000eaa80000, 0x00000000ef180000, 0x0000000100000000)
  eden space 33792K, 0% used [0x00000000eaa80000,0x00000000eaa80000,0x00000000ecb80000)
  from space 2560K, 98% used [0x00000000ecb80000,0x00000000ecdf8010,0x00000000ece00000)
  to   space 2560K, 0% used [0x00000000eef00000,0x00000000eef00000,0x00000000ef180000)
 ParOldGen       total 43520K, used 7741K [0x00000000c0000000, 0x00000000c2a80000, 0x00000000eaa80000)
  object space 43520K, 17% used [0x00000000c0000000,0x00000000c078f7e8,0x00000000c2a80000)
 PSPermGen       total 21504K, used 5910K [0x00000000bae00000, 0x00000000bc300000, 0x00000000c0000000)
  object space 21504K, 27% used [0x00000000bae00000,0x00000000bb3c5a48,0x00000000bc300000)
}

Deoptimization events (10 events):
Event: 3.269 Thread 0x0000000002b70800 Uncommon trap: reason=null_check action=make_not_entrant pc=0x0000000002d5af64 method=com.android.dx.rop.type.Type.putIntern(Lcom/android/dx/rop/type/Type;)Lcom/android/dx/rop/type/Type; @ 18
Event: 3.361 Thread 0x000000000a513800 Uncommon trap: reason=null_check action=make_not_entrant pc=0x0000000002d1ae90 method=com.android.dx.rop.type.Type.equals(Ljava/lang/Object;)Z @ 8
Event: 3.629 Thread 0x000000000a513800 Uncommon trap: reason=null_check action=make_not_entrant pc=0x0000000002d89c20 method=com.android.dx.cf.code.Ropper$CatchInfo.getSetup(Lcom/android/dx/rop/type/Type;)Lcom/android/dx/cf/code/Ropper$ExceptionHandlerSetup; @ 10
Event: 4.399 Thread 0x000000000a54b000 Uncommon trap: reason=unreached action=reinterpret pc=0x0000000002dad1d4 method=com.android.dx.cf.code.BytecodeArray.parseInstruction(ILcom/android/dx/cf/code/BytecodeArray$Visitor;)I @ 1198
Event: 5.032 Thread 0x000000000a510800 Uncommon trap: reason=class_check action=maybe_recompile pc=0x0000000002d38334 method=java.util.HashMap.put(Ljava/lang/Object;Ljava/lang/Object;)Ljava/lang/Object; @ 83
Event: 5.469 Thread 0x000000000a510800 Uncommon trap: reason=null_check action=make_not_entrant pc=0x0000000002dec1cc method=com.android.dx.dex.file.MethodIdsSection.intern(Lcom/android/dx/rop/cst/CstBaseMethodRef;)Lcom/android/dx/dex/file/MethodIdItem; @ 26
Event: 5.469 Thread 0x000000000a513800 Uncommon trap: reason=null_check action=make_not_entrant pc=0x0000000002dec1cc method=com.android.dx.dex.file.MethodIdsSection.intern(Lcom/android/dx/rop/cst/CstBaseMethodRef;)Lcom/android/dx/dex/file/MethodIdItem; @ 26
Event: 5.548 Thread 0x000000000a54b000 Uncommon trap: reason=null_check action=make_not_entrant pc=0x0000000002dec1cc method=com.android.dx.dex.file.MethodIdsSection.intern(Lcom/android/dx/rop/cst/CstBaseMethodRef;)Lcom/android/dx/dex/file/MethodIdItem; @ 26
Event: 5.659 Thread 0x000000000a513800 Uncommon trap: reason=unreached action=reinterpret pc=0x0000000002d43954 method=com.android.dx.ssa.SCCP.simulateBranch(Lcom/android/dx/ssa/SsaInsn;)V @ 132
Event: 5.659 Thread 0x000000000a513800 Uncommon trap: reason=unloaded action=reinterpret pc=0x0000000002d9e128 method=com.android.dx.ssa.LiteralOpUpgrader$1.visitNonMoveInsn(Lcom/android/dx/ssa/NormalSsaInsn;)V @ 72

Internal exceptions (10 events):
Event: 3.600 Thread 0x0000000002b70800 Threw 0x00000000eaefbd60 at C:\re\jdk7u79\2331\hotspot\src\share\vm\prims\jvm.cpp:1304
Event: 3.629 Thread 0x000000000a513800 Implicit null exception at 0x0000000002d88089 to 0x0000000002d89c09
Event: 4.684 Thread 0x0000000002b70800 Threw 0x00000000ec6dd2b0 at C:\re\jdk7u79\2331\hotspot\src\share\vm\prims\jvm.cpp:1304
Event: 5.468 Thread 0x000000000a510800 Implicit null exception at 0x0000000002deb88c to 0x0000000002dec1bd
Event: 5.469 Thread 0x000000000a513800 Implicit null exception at 0x0000000002deb88c to 0x0000000002dec1bd
Event: 5.548 Thread 0x000000000a54b000 Implicit null exception at 0x0000000002deb88c to 0x0000000002dec1bd
Event: 5.660 Thread 0x000000000a513800 Threw 0x00000000eb26c440 at C:\re\jdk7u79\2331\hotspot\src\share\vm\prims\jvm.cpp:1304
Event: 5.666 Thread 0x000000000a513800 Threw 0x00000000eb32ec30 at C:\re\jdk7u79\2331\hotspot\src\share\vm\prims\jvm.cpp:1304
Event: 5.673 Thread 0x0000000002b70800 Threw 0x00000000eb45b518 at C:\re\jdk7u79\2331\hotspot\src\share\vm\prims\jvm.cpp:1304
Event: 5.673 Thread 0x0000000002b70800 Threw 0x00000000eb45d9a0 at C:\re\jdk7u79\2331\hotspot\src\share\vm\prims\jvm.cpp:1304

Events (10 events):
Event: 5.660 loading class 0x000000000a5ed750
Event: 5.660 loading class 0x000000000a5ed750 done
Event: 5.660 Thread 0x000000000a513800 DEOPT PACKING pc=0x0000000002d9e128 sp=0x000000000b80ea70
Event: 5.660 Thread 0x000000000a513800 DEOPT UNPACKING pc=0x0000000002ca75a4 sp=0x000000000b80ea18 mode 2
Event: 5.666 loading class 0x000000000a5ed650
Event: 5.666 loading class 0x000000000a5ed650 done
Event: 5.673 loading class 0x0000000008abca60
Event: 5.673 loading class 0x0000000008abca60 done
Event: 5.673 loading class 0x000000000a6318a0
Event: 5.673 loading class 0x000000000a6318a0 done


Dynamic libraries:
0x00007ff716b70000 - 0x00007ff716ba3000 	C:\Program Files\Java\jdk1.7.0_79\bin\java.exe
0x00007ff96df80000 - 0x00007ff96e12c000 	C:\Windows\SYSTEM32\ntdll.dll
0x00007ff96b9e0000 - 0x00007ff96bb1e000 	C:\Windows\system32\KERNEL32.DLL
0x00007ff96b2b0000 - 0x00007ff96b3c5000 	C:\Windows\system32\KERNELBASE.dll
0x00007ff969c20000 - 0x00007ff969cae000 	C:\Windows\system32\apphelp.dll
0x00007ff95a2d0000 - 0x00007ff95a323000 	C:\Windows\AppPatch\AppPatch64\AcGenral.DLL
0x00007ff96b7a0000 - 0x00007ff96b84a000 	C:\Windows\system32\msvcrt.dll
0x00007ff96af20000 - 0x00007ff96af4e000 	C:\Windows\SYSTEM32\SspiCli.dll
0x00007ff96b860000 - 0x00007ff96b8b4000 	C:\Windows\system32\SHLWAPI.dll
0x00007ff96bb20000 - 0x00007ff96bc97000 	C:\Windows\system32\USER32.dll
0x00007ff96b600000 - 0x00007ff96b794000 	C:\Windows\system32\ole32.dll
0x00007ff96c770000 - 0x00007ff96dc9b000 	C:\Windows\system32\SHELL32.dll
0x00007ff96a670000 - 0x00007ff96a691000 	C:\Windows\SYSTEM32\USERENV.dll
0x00007ff96bff0000 - 0x00007ff96c09a000 	C:\Windows\system32\ADVAPI32.dll
0x00007ff960bb0000 - 0x00007ff960bce000 	C:\Windows\SYSTEM32\MPR.dll
0x00007ff96c210000 - 0x00007ff96c351000 	C:\Windows\system32\RPCRT4.dll
0x00007ff96c650000 - 0x00007ff96c6a9000 	C:\Windows\SYSTEM32\sechost.dll
0x00007ff96c360000 - 0x00007ff96c571000 	C:\Windows\SYSTEM32\combase.dll
0x00007ff96c0c0000 - 0x00007ff96c20f000 	C:\Windows\system32\GDI32.dll
0x00007ff96b0d0000 - 0x00007ff96b0e5000 	C:\Windows\SYSTEM32\profapi.dll
0x00007ff969b40000 - 0x00007ff969bf2000 	C:\Windows\SYSTEM32\SHCORE.dll
0x00007ff96c6b0000 - 0x00007ff96c6e6000 	C:\Windows\system32\IMM32.DLL
0x00007ff96bca0000 - 0x00007ff96bdf2000 	C:\Windows\system32\MSCTF.dll
0x00007ff966e60000 - 0x00007ff9670db000 	C:\Windows\WinSxS\amd64_microsoft.windows.common-controls_6595b64144ccf1df_6.0.9600.18006_none_623f33d3ecbe86e8\COMCTL32.dll
0x0000000056290000 - 0x0000000056362000 	C:\Program Files\Java\jdk1.7.0_79\jre\bin\msvcr100.dll
0x0000000056720000 - 0x0000000056ef5000 	C:\Program Files\Java\jdk1.7.0_79\jre\bin\server\jvm.dll
0x00007ff962780000 - 0x00007ff962789000 	C:\Windows\SYSTEM32\WSOCK32.dll
0x00007ff9674a0000 - 0x00007ff9674c2000 	C:\Windows\SYSTEM32\WINMM.dll
0x00007ff96bfe0000 - 0x00007ff96bfe7000 	C:\Windows\system32\PSAPI.DLL
0x00007ff96de50000 - 0x00007ff96deaa000 	C:\Windows\system32\WS2_32.dll
0x00007ff966de0000 - 0x00007ff966e0a000 	C:\Windows\SYSTEM32\WINMMBASE.dll
0x00007ff96c6f0000 - 0x00007ff96c6f9000 	C:\Windows\system32\NSI.dll
0x00007ff96b5b0000 - 0x00007ff96b5ff000 	C:\Windows\SYSTEM32\cfgmgr32.dll
0x00007ff969e70000 - 0x00007ff969e98000 	C:\Windows\SYSTEM32\DEVOBJ.dll
0x0000000056710000 - 0x000000005671f000 	C:\Program Files\Java\jdk1.7.0_79\jre\bin\verify.dll
0x00000000566e0000 - 0x0000000056708000 	C:\Program Files\Java\jdk1.7.0_79\jre\bin\java.dll
0x00000000566c0000 - 0x00000000566d5000 	C:\Program Files\Java\jdk1.7.0_79\jre\bin\zip.dll
0x00000000566a0000 - 0x00000000566ba000 	C:\Program Files\Java\jdk1.7.0_79\jre\bin\net.dll
0x0000000180000000 - 0x000000018002b000 	C:\Windows\system32\N1Service64.dll
0x00007ff96a8e0000 - 0x00007ff96a939000 	C:\Windows\SYSTEM32\MSWSOCK.dll
0x00007ff96a120000 - 0x00007ff96a14a000 	C:\Windows\SYSTEM32\IPHLPAPI.DLL
0x00007ff96a110000 - 0x00007ff96a11a000 	C:\Windows\SYSTEM32\WINNSI.DLL
0x00007ff96c580000 - 0x00007ff96c641000 	C:\Windows\system32\OLEAUT32.dll
0x00007ff96a100000 - 0x00007ff96a10a000 	C:\Windows\SYSTEM32\VERSION.dll
0x0000000056680000 - 0x0000000056691000 	C:\Program Files\Java\jdk1.7.0_79\jre\bin\nio.dll
0x00007ff969ec0000 - 0x00007ff969ecb000 	C:\Windows\SYSTEM32\kernel.appcore.dll
0x00007ff96afc0000 - 0x00007ff96afcb000 	C:\Windows\SYSTEM32\CRYPTBASE.dll
0x00007ff96af50000 - 0x00007ff96afb3000 	C:\Windows\SYSTEM32\bcryptPrimitives.dll
0x00007ff969cf0000 - 0x00007ff969e19000 	C:\Windows\system32\uxtheme.dll
0x00007ff96b920000 - 0x00007ff96b9d6000 	C:\Windows\SYSTEM32\clbcatq.dll
0x00007ff96a940000 - 0x00007ff96a960000 	C:\Windows\SYSTEM32\CRYPTSP.dll
0x00007ff96a560000 - 0x00007ff96a596000 	C:\Windows\system32\rsaenh.dll
0x00007ff96ab90000 - 0x00007ff96abb6000 	C:\Windows\SYSTEM32\bcrypt.dll

VM Arguments:
jvm_args: -Djava.awt.headless=true -Xmx1024M -Dfile.encoding=windows-1252 -Duser.country=US -Duser.language=en -Duser.variant 
java_command: com.android.dx.command.Main --dex --num-threads=4 --output C:\Users\Alexander\AndroidStudioProjects\AppWebView2\app\build\intermediates\pre-dexed\debug\internal_impl-23.1.1_531257f4f7637812e2114db9517a44c5a1157eac.jar C:\Users\Alexander\AndroidStudioProjects\AppWebView2\app\build\intermediates\exploded-aar\com.android.support\support-v4\23.1.1\jars\libs\internal_impl-23.1.1.jar
Launcher Type: SUN_STANDARD

Environment Variables:
PATH=C:\ProgramData\Oracle\Java\javapath;C:\Windows\system32;C:\Windows;C:\Windows\System32\Wbem;C:\Windows\System32\WindowsPowerShell\v1.0\;C:\Program Files\MATLAB\R2014b\runtime\win64;C:\Program Files\MATLAB\R2014b\bin
USERNAME=Alexander
OS=Windows_NT
PROCESSOR_IDENTIFIER=Intel64 Family 6 Model 42 Stepping 7, GenuineIntel



---------------  S Y S T E M  ---------------

OS: Windows 8.1 , 64 bit Build 9600 

CPU:total 4 (2 cores per cpu, 2 threads per core) family 6 model 42 stepping 7, cmov, cx8, fxsr, mmx, sse, sse2, sse3, ssse3, sse4.1, sse4.2, popcnt, avx, aes, ht, tsc, tscinvbit

Memory: 4k page, physical 4170520k(612208k free), swap 7171540k(7920k free)

vm_info: Java HotSpot(TM) 64-Bit Server VM (24.79-b02) for windows-amd64 JRE (1.7.0_79-b15), built on Apr 10 2015 12:36:16 by "java_re" with unknown MS VC++:1600

time: Mon Dec 07 17:06:05 2015
elapsed time: 5 seconds

